<?xml version="1.0" encoding="UTF-8"?>
<!-- Generated by org.testng.reporters.JUnitReportReporter -->
<testsuite ignored="0" hostname="shash" failures="0" tests="2" name="selenium.loginTest" time="9.630" errors="0" timestamp="23 Apr 2024 06:08:50 GMT" skipped="0">
  <testcase classname="selenium.loginTest" name="login" time="2.269"/>
  <testcase classname="selenium.loginTest" name="buzz" time="7.361"/>
</testsuite> <!-- selenium.loginTest -->
